app/proguard-rules.pro
# Sanbot Voice Agent ProGuard Rules

# Keep application class
-keep class com.tripandevent.sanbotvoice.SanbotVoiceApp { *; }

# Keep ALL API classes - interfaces, clients, and models
-keep class com.tripandevent.sanbotvoice.api.** { *; }
-keep interface com.tripandevent.sanbotvoice.api.** { *; }
-keepclassmembers class com.tripandevent.sanbotvoice.api.** { *; }

# Keep all model classes
-keep class com.tripandevent.sanbotvoice.api.models.** { *; }
-keep class com.tripandevent.sanbotvoice.openai.models.** { *; }
-keep class com.tripandevent.sanbotvoice.openai.events.** { *; }

# Sanbot SDK
-keep class com.sanbot.opensdk.** { *; }
-keep class com.qihancloud.opensdk.** { *; }
-keep class com.sunbo.main.** { *; }

# WebRTC
-keep class org.webrtc.** { *; }
-dontwarn org.webrtc.**

# Retrofit - Keep everything needed for runtime
-keepattributes Signature
-keepattributes Exceptions
-keepattributes RuntimeVisibleAnnotations
-keepattributes RuntimeInvisibleAnnotations
-keepattributes RuntimeVisibleParameterAnnotations
-keepattributes RuntimeInvisibleParameterAnnotations

# Keep Retrofit interfaces and their methods
-keep,allowobfuscation interface * {
    @retrofit2.http.* <methods>;
}
-keepclassmembers,allowshrinking,allowobfuscation interface * {
    @retrofit2.http.* <methods>;
}

# Keep Retrofit classes
-keep class retrofit2.** { *; }
-keepclasseswithmembers class * {
    @retrofit2.http.* <methods>;
}

-dontwarn org.codehaus.mojo.animal_sniffer.IgnoreJRERequirement
-dontwarn javax.annotation.**
-dontwarn kotlin.Unit
-dontwarn retrofit2.KotlinExtensions
-dontwarn retrofit2.KotlinExtensions$*

# Keep generic signature of Call, Response (R8 full mode strips signatures from non-kept items)
-keep,allowobfuscation,allowshrinking interface retrofit2.Call
-keep,allowobfuscation,allowshrinking class retrofit2.Response

# With R8 full mode generic signatures are stripped for classes that are not kept
-keep,allowobfuscation,allowshrinking class kotlin.coroutines.Continuation

# OkHttp
-dontwarn okhttp3.**
-dontwarn okio.**
-keepnames class okhttp3.internal.publicsuffix.PublicSuffixDatabase

# Gson
-keepattributes Signature
-keepattributes *Annotation*
-dontwarn sun.misc.**
-keep class com.google.gson.stream.** { *; }
-keep class * implements com.google.gson.TypeAdapterFactory
-keep class * implements com.google.gson.JsonSerializer
-keep class * implements com.google.gson.JsonDeserializer
-keepclassmembers,allowobfuscation class * {
  @com.google.gson.annotations.SerializedName <fields>;
}

# Timber
-dontwarn org.jetbrains.annotations.**

# Keep generic signatures for Retrofit
-keepattributes InnerClasses
-keepattributes EnclosingMethod

# Kotlin
-keep class kotlin.** { *; }
-keep class kotlin.Metadata { *; }
-dontwarn kotlin.**
-keepclassmembers class **$WhenMappings {
    <fields>;
}
-keepclassmembers class kotlin.Metadata {
    public <methods>;
}