app/build/outputs/mapping/release/seeds.txt
com.tripandevent.sanbotvoice.MainActivity
com.tripandevent.sanbotvoice.api.models.ApiResponse
com.tripandevent.sanbotvoice.api.CrmApiClient$LeadResponse
com.tripandevent.sanbotvoice.openai.events.ServerEvents$ParsedEvent
com.tripandevent.sanbotvoice.api.models.CustomerLead
com.tripandevent.sanbotvoice.api.CrmApiClient$PackagesCallback
com.tripandevent.sanbotvoice.api.CrmApiClient$PackageDetailCallback
com.tripandevent.sanbotvoice.core.VoiceAgentService
com.tripandevent.sanbotvoice.api.CrmApiClient$1
com.tripandevent.sanbotvoice.openai.events.ClientEvents$ToolDefinition
com.tripandevent.sanbotvoice.openai.events.ServerEvents$ContentItem
com.tripandevent.sanbotvoice.openai.events.EventTypes$ResponseStatus
com.tripandevent.sanbotvoice.api.TripAndEventApi$CreateQuoteResponse
com.tripandevent.sanbotvoice.api.CrmApiClient$LeadData
com.tripandevent.sanbotvoice.openai.events.EventTypes$Server
com.tripandevent.sanbotvoice.api.CrmApiClient$2
com.tripandevent.sanbotvoice.openai.events.ServerEvents$RateLimitsInfo
com.tripandevent.sanbotvoice.api.TripAndEventApi$DisconnectLog
com.tripandevent.sanbotvoice.api.CrmApiClient$7$1
com.tripandevent.sanbotvoice.api.CrmApiClient
com.tripandevent.sanbotvoice.api.CrmApiClient$8
com.tripandevent.sanbotvoice.audio.AudioProcessor$AudioProcessorCallback
com.tripandevent.sanbotvoice.api.CrmApiClient$3
com.tripandevent.sanbotvoice.api.models.TokenResponse$Data
com.tripandevent.sanbotvoice.openai.events.ServerEvents$RateLimitItem
com.tripandevent.sanbotvoice.openai.events.ServerEvents$FunctionCallInfo
com.tripandevent.sanbotvoice.api.TokenManager$TokenCallback
com.tripandevent.sanbotvoice.api.CrmApiClient$SimpleCallback
com.tripandevent.sanbotvoice.api.models.ApiResponse$Result
com.tripandevent.sanbotvoice.openai.events.ServerEvents$ConversationItemInfo
com.tripandevent.sanbotvoice.api.CrmApiClient$AuthCallback
com.tripandevent.sanbotvoice.openai.events.ClientEvents
com.tripandevent.sanbotvoice.api.CrmApiClient$LoginRequest
com.tripandevent.sanbotvoice.api.TokenManager
com.tripandevent.sanbotvoice.api.CrmApiClient$4
com.tripandevent.sanbotvoice.api.models.TokenResponse$ClientSecret
com.tripandevent.sanbotvoice.openai.events.EventTypes$Client
com.tripandevent.sanbotvoice.openai.events.EventTypes$Role
com.tripandevent.sanbotvoice.openai.events.ServerEvents$ResponseInfo
com.tripandevent.sanbotvoice.functions.FunctionHandler
com.tripandevent.sanbotvoice.api.CrmApiClient$LoginResponse
com.tripandevent.sanbotvoice.functions.FunctionHandler$FunctionCallback
com.tripandevent.sanbotvoice.openai.events.ServerEvents$OutputItem
com.tripandevent.sanbotvoice.openai.events.ClientEvents$SessionConfig
com.tripandevent.sanbotvoice.api.ApiClient$RetryInterceptor
com.tripandevent.sanbotvoice.openai.events.EventTypes
com.tripandevent.sanbotvoice.api.models.CustomerLead$Builder
com.tripandevent.sanbotvoice.api.models.TokenResponse$Result
com.tripandevent.sanbotvoice.ui.views.VoiceOrbView
com.tripandevent.sanbotvoice.openai.events.ServerEvents
com.tripandevent.sanbotvoice.api.CrmApiClient$7
com.tripandevent.sanbotvoice.api.models.ApiResponse$ApiError
com.tripandevent.sanbotvoice.api.CrmApiClient$5
com.tripandevent.sanbotvoice.api.CrmApiClient$5$1
com.tripandevent.sanbotvoice.api.CrmApiClient$3$1
com.tripandevent.sanbotvoice.api.ApiClient$ErrorHandlingInterceptor
com.tripandevent.sanbotvoice.functions.FunctionExecutor$ExecutionCallback
com.tripandevent.sanbotvoice.SanbotVoiceApp
com.tripandevent.sanbotvoice.api.CrmApiClient$6
com.tripandevent.sanbotvoice.api.models.QuoteRequest$QuoteItem
com.tripandevent.sanbotvoice.api.CrmApiClient$PackageFilters
com.tripandevent.sanbotvoice.api.models.QuoteRequest$Builder
com.tripandevent.sanbotvoice.api.models.QuoteRequest
com.tripandevent.sanbotvoice.api.CrmApiClient$PackagesResponse
com.tripandevent.sanbotvoice.openai.events.ServerEvents$UsageInfo
com.tripandevent.sanbotvoice.api.TripAndEventApi
com.tripandevent.sanbotvoice.api.TripAndEventApi$SaveLeadResponse
...
kotlin.reflect.TypeVariableImpl: int hashCode()
kotlin.ThrowsKt: void Throws$annotations()
org.webrtc.NetworkMonitor$2: void onNetworkConnect(org.webrtc.NetworkChangeDetector$NetworkInformation)
kotlin.time.TimeMark$DefaultImpls: kotlin.time.TimeMark plus-LRDsOJo(kotlin.time.TimeMark,long)
com.google.android.material.textfield.TextInputLayout: void setHintInternal(java.lang.CharSequence)
kotlin.collections.ArraysKt___ArraysKt: long single(long[])
kotlin.UByteArray: boolean remove(java.lang.Object)
org.webrtc.YuvConverter$ShaderCallbacks: void setPlaneV()
kotlin.collections.builders.ListBuilder: void checkForComodification()
kotlin.collections.ArraysKt__ArraysJVMKt: ArraysKt__ArraysJVMKt()
org.webrtc.AndroidVideoDecoder: org.webrtc.VideoCodecStatus initDecodeInternal(int,int)
kotlin.io.FilesKt__FileReadWriteKt: void forEachBlock(java.io.File,int,kotlin.jvm.functions.Function2)
kotlin.ranges.OpenEndDoubleRange: java.lang.Double getStart()
com.google.android.material.chip.Chip: void setCloseIconVisible(boolean)
kotlin.text.HexFormat$NumberHexFormat$Builder: kotlin.text.HexFormat$NumberHexFormat build$kotlin_stdlib()
kotlin.collections.ArraysKt___ArraysKt: float first(float[],kotlin.jvm.functions.Function1)
kotlin.sequences.SequenceScope: java.lang.Object yield(java.lang.Object,kotlin.coroutines.Continuation)
org.webrtc.GlRectDrawer$ShaderCallbacks: void onPrepareShader(org.webrtc.GlShader,float[],int,int,int,int)
kotlin.collections.CollectionsKt__CollectionsKt: java.util.List mutableListOf()
retrofit2.OkHttpCall$ExceptionCatchingResponseBody: OkHttpCall$ExceptionCatchingResponseBody(okhttp3.ResponseBody)
org.webrtc.PeerConnection$Observer: void onStandardizedIceConnectionChange(org.webrtc.PeerConnection$IceConnectionState)
com.google.android.material.internal.ClippableRoundedCornerLayout: ClippableRoundedCornerLayout(android.content.Context,android.util.AttributeSet)
org.webrtc.audio.VolumeLogger: void stop()
kotlin.io.path.PathsKt__PathUtilsKt: java.nio.file.FileVisitor fileVisitor(kotlin.jvm.functions.Function1)
kotlin.text.StringsKt___StringsKt: void forEachIndexed(java.lang.CharSequence,kotlin.jvm.functions.Function2)
kotlin.collections.CollectionsKt___CollectionsKt: java.lang.Comparable maxOfOrNull(java.lang.Iterable,kotlin.jvm.functions.Function1)
org.webrtc.voiceengine.BuildInfo: int getSdkVersion()
kotlin.collections.GroupingKt__GroupingKt: java.util.Map aggregateTo(kotlin.collections.Grouping,java.util.Map,kotlin.jvm.functions.Function4)
org.webrtc.GlGenericDrawer$ShaderType: GlGenericDrawer$ShaderType(java.lang.String,int)
androidx.appcompat.widget.AppCompatRadioButton: void setEmojiCompatEnabled(boolean)
kotlin.collections.unsigned.UArraysKt___UArraysKt: java.util.List runningFold-zww5nb8(short[],java.lang.Object,kotlin.jvm.functions.Function2)
org.webrtc.CryptoOptions$SFrame: boolean getRequireFrameEncryption()
kotlin.random.PlatformRandom: java.util.Random getImpl()
kotlin.collections.CollectionsKt___CollectionsKt: java.lang.Object maxByOrThrow(java.lang.Iterable,kotlin.jvm.functions.Function1)
androidx.core.graphics.drawable.IconCompat: IconCompat()
org.webrtc.StatsReport$Value: StatsReport$Value(java.lang.String,java.lang.String)
kotlin.StandardKt__StandardKt: java.lang.Object with(java.lang.Object,kotlin.jvm.functions.Function1)
kotlin.UNumbersKt: int countOneBits-7apg3OU(byte)
kotlin.time.TimeSource$Monotonic$ValueTimeMark: boolean hasPassedNow()
kotlin.ranges.RangesKt___RangesKt: kotlin.ranges.IntProgression downTo(short,int)
kotlin.jvm.internal.FunctionReference: boolean equals(java.lang.Object)
kotlin.reflect.KParameter: kotlin.reflect.KType getType()
org.webrtc.VideoCodecInfo: int[] getScalabilityModes()
kotlin.collections.EmptyList: boolean equals(java.lang.Object)
kotlin.text.UHexExtensionsKt: java.lang.String toHexString-ZQbaR00(byte,kotlin.text.HexFormat)
kotlin.Triple: boolean equals(java.lang.Object)
kotlin.UInt: int times-7apg3OU(int,byte)