app/build/outputs/mapping/release/usage.txt
com.tripandevent.sanbotvoice.BuildConfig
com.tripandevent.sanbotvoice.MainActivity:
    private static final int PERMISSION_REQUEST_CODE
    private static final java.lang.String TAG
    private synthetic void lambda$onAudioLevel$5(float)
    private synthetic void lambda$onSpeakerIdentified$6(java.lang.String,float)
    public void onAudioLevel(float)
    public void onSpeakerIdentified(java.lang.String,float)
com.tripandevent.sanbotvoice.R$color
com.tripandevent.sanbotvoice.R$drawable:
    public static int bg_transcript
    public static int ic_back_arrow
    public static int ic_launcher_background
    public static int ic_launcher_foreground
    public static int ic_sparkle
    private void <init>()
com.tripandevent.sanbotvoice.R$id:
    public static int sparkleIcon
    private void <init>()
com.tripandevent.sanbotvoice.R$layout:
    private void <init>()
com.tripandevent.sanbotvoice.R$mipmap
com.tripandevent.sanbotvoice.R$string
com.tripandevent.sanbotvoice.R$style
com.tripandevent.sanbotvoice.R$xml
com.tripandevent.sanbotvoice.R
com.tripandevent.sanbotvoice.analytics.ConversationAnalytics$AggregateStats
com.tripandevent.sanbotvoice.analytics.ConversationAnalytics:
    private static final java.lang.String PREFS_NAME
    private static final java.lang.String TAG
    public com.tripandevent.sanbotvoice.analytics.ConversationAnalytics$AggregateStats getAggregateStats()
    public long getCurrentSessionDuration()
com.tripandevent.sanbotvoice.audio.AudioBooster:
    private static final int DEFAULT_BOOST_MB
    private static final int MAX_BOOST_MB
    private static final java.lang.String TAG
    public void attachLoudnessEnhancer(int)
    public boolean isLoudnessEnhancerEnabled()
    public void setBoostLevel(int)
com.tripandevent.sanbotvoice.audio.AudioProcessor$AudioProcessorCallback:
    public abstract void onAudioLevel(float)
    public abstract void onError(java.lang.String)
    public abstract void onSpeechEnd()
    public abstract void onSpeechStart()
com.tripandevent.sanbotvoice.audio.AudioProcessor:
    private static final long SPEECH_TIMEOUT_MS
    private static final java.lang.String TAG
    private static final int VAD_FRAME_SIZE
    private static final float VAD_THRESHOLD_DB
    public short[] applySoftwareNoiseReduction(short[],float)
    private float calculateRMS(short[])
    public static int getOptimalBufferSize(int)
    public boolean isEchoCancellationEnabled()
    public boolean isGainControlEnabled()
    public boolean isInitialized()
    public boolean isLowLatencySupported()
    public boolean isNoiseSuppressionEnabled()
    public boolean isProAudioSupported()
    public void processAudioSamples(short[])
com.tripandevent.sanbotvoice.audio.SpeakerIdentifier$IdentificationResult
com.tripandevent.sanbotvoice.audio.SpeakerIdentifier:
    private static final int FRAME_SIZE
    private static final int NUM_MFCC
    private static final java.lang.String PREFS_NAME
    private static final int SAMPLE_RATE
    private static final float SIMILARITY_THRESHOLD
    private static final java.lang.String TAG
    private float calculateEnergy(short[])
    private float calculateSimilarity(float[],float[],float,float,float,float)
    public void deleteSpeaker(java.lang.String)
    private float estimatePitch(short[])
    private float[] extractFeatures(short[])
    public java.util.List getAllSpeakers()
    public com.tripandevent.sanbotvoice.audio.SpeakerIdentifier$IdentificationResult identifySpeaker(short[])
    public com.tripandevent.sanbotvoice.audio.SpeakerIdentifier$SpeakerProfile registerSpeaker(java.lang.String,short[])
    private void saveProfiles()
    public void trainSpeaker(java.lang.String,short[])
    private void updateProfile(com.tripandevent.sanbotvoice.audio.SpeakerIdentifier$SpeakerProfile,float[],float,float)
com.tripandevent.sanbotvoice.config.AgentConfig$Builder:
    public com.tripandevent.sanbotvoice.config.AgentConfig$Builder setSystemInstructions(java.lang.String)
...
androidx.core.graphics.RegionKt
androidx.core.graphics.ShaderKt
androidx.core.graphics.TypefaceCompat:
    private void <init>()
    public static void clearCache()
    public static android.graphics.Typeface create(android.content.Context,android.graphics.Typeface,int,boolean)
    public static android.graphics.Typeface createFromResourcesFamilyXml(android.content.Context,androidx.core.content.res.FontResourcesParserCompat$FamilyResourceEntry,android.content.res.Resources,int,int,androidx.core.content.res.ResourcesCompat$FontCallback,android.os.Handler,boolean)
    public static android.graphics.Typeface createFromResourcesFontFile(android.content.Context,android.content.res.Resources,int,java.lang.String,int)
    public static android.graphics.Typeface findFromCache(android.content.res.Resources,int,int)
androidx.core.graphics.TypefaceCompatApi21Impl:
    private static final java.lang.String ADD_FONT_WEIGHT_STYLE_METHOD
    private static final java.lang.String CREATE_FROM_FAMILIES_WITH_DEFAULT_METHOD
    private static final java.lang.String FONT_FAMILY_CLASS
    private static final java.lang.String TAG
    android.graphics.Typeface createWeightStyle(android.content.Context,android.graphics.Typeface,int,boolean)
androidx.core.graphics.TypefaceCompatApi24Impl:
    private static final java.lang.String ADD_FONT_WEIGHT_STYLE_METHOD
    private static final java.lang.String CREATE_FROM_FAMILIES_WITH_DEFAULT_METHOD
    private static final java.lang.String FONT_FAMILY_CLASS
    private static final java.lang.String TAG
    android.graphics.Typeface createWeightStyle(android.content.Context,android.graphics.Typeface,int,boolean)
androidx.core.graphics.TypefaceCompatApi26Impl:
    private static final java.lang.String ABORT_CREATION_METHOD
    private static final java.lang.String ADD_FONT_FROM_ASSET_MANAGER_METHOD
    private static final java.lang.String ADD_FONT_FROM_BUFFER_METHOD
    private static final java.lang.String CREATE_FROM_FAMILIES_WITH_DEFAULT_METHOD
    private static final java.lang.String FONT_FAMILY_CLASS
    private static final java.lang.String FREEZE_METHOD
    private static final int RESOLVE_BY_FONT_TABLE
    private static final java.lang.String TAG
    android.graphics.Typeface createWeightStyle(android.content.Context,android.graphics.Typeface,int,boolean)
androidx.core.graphics.TypefaceCompatApi28Impl:
    private static final java.lang.String CREATE_FROM_FAMILIES_WITH_DEFAULT_METHOD
    private static final java.lang.String DEFAULT_FAMILY
    private static final int RESOLVE_BY_FONT_TABLE
    android.graphics.Typeface createWeightStyle(android.content.Context,android.graphics.Typeface,int,boolean)
androidx.core.graphics.TypefaceCompatApi29Impl:
    android.graphics.Typeface createWeightStyle(android.content.Context,android.graphics.Typeface,int,boolean)
androidx.core.graphics.TypefaceCompatBaseImpl$3
androidx.core.graphics.TypefaceCompatBaseImpl:
    private static final int INVALID_KEY
    private static final java.lang.String TAG
    android.graphics.Typeface createFromFontFamilyFilesResourceEntry(android.content.Context,androidx.core.content.res.FontResourcesParserCompat$FontFamilyFilesResourceEntry,android.content.res.Resources,int,boolean)
    android.graphics.Typeface createWeightStyle(android.content.Context,android.graphics.Typeface,int,boolean)
    private androidx.core.content.res.FontResourcesParserCompat$FontFileResourceEntry findBestEntry(androidx.core.content.res.FontResourcesParserCompat$FontFamilyFilesResourceEntry,int,boolean)
androidx.core.graphics.TypefaceCompatUtil$Api19Impl:
    private void <init>()
androidx.core.graphics.TypefaceCompatUtil:
    private static final java.lang.String CACHE_FILE_PREFIX
    private static final java.lang.String TAG
    private void <init>()
androidx.core.graphics.WeightTypefaceApi14
androidx.core.graphics.WeightTypefaceApi21
androidx.core.graphics.WeightTypefaceApi26
androidx.core.graphics.drawable.BitmapDrawableKt